<?xml version="1.0" encoding="UTF-8"?>
<testng-results skipped="0" failed="0" ignored="0" total="1" passed="1">
  <reporter-output>
  </reporter-output>
  <suite name="Default suite" duration-ms="27704" started-at="2020-09-27T16:10:54 EET" finished-at="2020-09-27T16:11:22 EET">
    <groups>
    </groups>
    <test name="Default test" duration-ms="27704" started-at="2020-09-27T16:10:54 EET" finished-at="2020-09-27T16:11:22 EET">
      <class name="tests.TestRun">
        <test-method status="PASS" signature="setup()[pri:0, instance:tests.TestRun@6f96c77]" name="setup" is-config="true" duration-ms="4339" started-at="2020-09-27T16:10:54 EET" finished-at="2020-09-27T16:10:59 EET">
          <reporter-output>
          </reporter-output>
        </test-method> <!-- setup -->
        <test-method status="PASS" signature="getURL()[pri:0, instance:tests.TestRun@6f96c77]" name="getURL" duration-ms="23257" started-at="2020-09-27T16:10:59 EET" finished-at="2020-09-27T16:11:22 EET">
          <reporter-output>
          </reporter-output>
        </test-method> <!-- getURL -->
        <test-method status="PASS" signature="tearDown()[pri:0, instance:tests.TestRun@6f96c77]" name="tearDown" is-config="true" duration-ms="0" started-at="2020-09-27T16:11:22 EET" finished-at="2020-09-27T16:11:22 EET">
          <reporter-output>
          </reporter-output>
        </test-method> <!-- tearDown -->
      </class> <!-- tests.TestRun -->
    </test> <!-- Default test -->
  </suite> <!-- Default suite -->
</testng-results>
